<?xml version="1.0" encoding="UTF-8"?>
<!-- Generated by org.testng.reporters.JUnitXMLReporter -->
<testsuite ignored="0" hostname="Brain-ПК" failures="1" tests="4" name="Cart Functional Test" time="32.646" errors="0" timestamp="23 серп. 2019 19:21:38 GMT">
  <testcase classname="test.TestCartFunctional" name="addProductToCart" time="3.349"/>
  <testcase classname="test.TestCartFunctional" name="deleteProductFromShoppingCart" time="4.893"/>
  <testcase classname="test.TestCartFunctional" name="priceProductFromShoppingCart" time="11.123"/>
  <testcase classname="test.TestCartFunctional" name="wrongAddProductToCart" time="2.87">
    <failure type="java.lang.AssertionError" message="expected [true] but found [false]">
      <![CDATA[java.lang.AssertionError: expected [true] but found [false]
at test.TestCartFunctional.wrongAddProductToCart(TestCartFunctional.java:84)
... Removed 33 stack frames]]>
    </failure>
  </testcase> <!-- wrongAddProductToCart -->
</testsuite> <!-- Cart Functional Test -->
