<?xml version="1.0" encoding="UTF-8"?>
<!-- Generated by org.testng.reporters.JUnitXMLReporter -->
<testsuite ignored="0" hostname="Brain-ПК" failures="2" tests="6" name="Currency TEst" time="43.982" errors="0" timestamp="23 серп. 2019 19:20:33 GMT">
  <testcase classname="test.AllureTestCurrency" name="checkCurrency" time="2.257"/>
  <testcase classname="test.AllureTestCurrency" name="checkCurrency" time="2.394"/>
  <testcase classname="test.AllureTestCurrency" name="checkCurrency" time="7.035"/>
  <testcase classname="test.AllureTestCurrency" name="checkCurrencyForOneElement" time="6.306"/>
  <testcase classname="test.AllureTestCurrency" name="checkExchangeCurrencyUsdToUa" time="5.93">
    <failure type="java.lang.AssertionError" message="expected [495.21] but found [544.92]">
      <![CDATA[java.lang.AssertionError: expected [495.21] but found [544.92]
at test.AllureTestCurrency.checkExchangeCurrencyUsdToUa(AllureTestCurrency.java:85)
... Removed 34 stack frames]]>
    </failure>
  </testcase> <!-- checkExchangeCurrencyUsdToUa -->
  <testcase classname="test.AllureTestCurrency" name="checkExchangeCurrencyUsdToEu" time="6.457">
    <failure type="java.lang.AssertionError" message="expected [15.3] but found [0.0]">
      <![CDATA[java.lang.AssertionError: expected [15.3] but found [0.0]
at test.AllureTestCurrency.checkExchangeCurrencyUsdToEu(AllureTestCurrency.java:114)
... Removed 34 stack frames]]>
    </failure>
  </testcase> <!-- checkExchangeCurrencyUsdToEu -->
</testsuite> <!-- Currency TEst -->
