<?xml version="1.0" encoding="UTF-8"?>
<!-- Generated by org.testng.reporters.JUnitXMLReporter -->
<testsuite ignored="0" hostname="Brain-ПК" failures="2" tests="6" name="Currency TEst" time="64.72" errors="0" timestamp="27 серп. 2019 11:52:08 GMT">
  <testcase classname="test.AllureTestCurrency" name="checkCurrency" time="2.407"/>
  <testcase classname="test.AllureTestCurrency" name="checkCurrency" time="2.369"/>
  <testcase classname="test.AllureTestCurrency" name="checkCurrency" time="2.214"/>
  <testcase classname="test.AllureTestCurrency" name="checkCurrencyForOneElement" time="4.451"/>
  <testcase classname="test.AllureTestCurrency" name="checkExchangeCurrencyUsdToUa" time="5.041">
    <failure type="java.lang.AssertionError" message="expected [495.21] but found [544.92]">
      <![CDATA[java.lang.AssertionError: expected [495.21] but found [544.92]
at test.AllureTestCurrency.checkExchangeCurrencyUsdToUa(AllureTestCurrency.java:85)
... Removed 34 stack frames]]>
    </failure>
  </testcase> <!-- checkExchangeCurrencyUsdToUa -->
  <testcase classname="test.AllureTestCurrency" name="checkExchangeCurrencyUsdToEu" time="6.958">
    <failure type="java.lang.AssertionError" message="expected [15.3] but found [0.0]">
      <![CDATA[java.lang.AssertionError: expected [15.3] but found [0.0]
at test.AllureTestCurrency.checkExchangeCurrencyUsdToEu(AllureTestCurrency.java:114)
... Removed 34 stack frames]]>
    </failure>
  </testcase> <!-- checkExchangeCurrencyUsdToEu -->
</testsuite> <!-- Currency TEst -->
