<?xml version="1.0" encoding="UTF-8"?>
<!-- Generated by org.testng.reporters.JUnitXMLReporter -->
<testsuite ignored="0" hostname="Brain-ПК" failures="0" tests="5" name="Horizontal And Vertical Menu Test" time="17.629" errors="0" timestamp="23 серп. 2019 19:21:05 GMT">
  <testcase classname="test.HorizontalAndVerticalTest" name="checkClothes" time="1.062"/>
  <testcase classname="test.HorizontalAndVerticalTest" name="checkMenClothes" time="1.691"/>
  <testcase classname="test.HorizontalAndVerticalTest" name="checkAccessories" time="0.945"/>
  <testcase classname="test.HorizontalAndVerticalTest" name="checkStationeryAccessories" time="0.673"/>
  <testcase classname="test.HorizontalAndVerticalTest" name="checkArt" time="0.651"/>
</testsuite> <!-- Horizontal And Vertical Menu Test -->
