<?xml version="1.0" encoding="UTF-8"?>
<!-- Generated by org.testng.reporters.JUnitXMLReporter -->
<testsuite ignored="0" hostname="Brain-ПК" failures="1" tests="5" name="Search Test" time="14.944" errors="0" timestamp="23 серп. 2019 19:20:48 GMT">
  <testcase classname="test.TestSearch" name="TestElementsInSearch" time="0.906"/>
  <testcase classname="test.TestSearch" name="TestEmptyPage" time="0.51"/>
  <testcase classname="test.TestSearch" name="TestSearchResultSortAZ" time="0.833"/>
  <testcase classname="test.TestSearch" name="TestSearchResultSortAZNotWork" time="1.292">
    <failure type="java.lang.AssertionError" message="Lists differ at element [0]: Customizable Mug != Pack Mug + Framed Poster expected [Customizable Mug] but found [Pack Mug + Framed Poster]">
      <![CDATA[java.lang.AssertionError: Lists differ at element [0]: Customizable Mug != Pack Mug + Framed Poster expected [Customizable Mug] but found [Pack Mug + Framed Poster]
at test.TestSearch.TestSearchResultSortAZNotWork(TestSearch.java:144)
... Removed 34 stack frames]]>
    </failure>
  </testcase> <!-- TestSearchResultSortAZNotWork -->
  <testcase classname="test.TestSearch" name="TetsAfterSearch" time="0.718"/>
</testsuite> <!-- Search Test -->
