<?xml version="1.0" encoding="UTF-8"?>
<!-- Generated by org.testng.reporters.JUnitXMLReporter -->
<testsuite ignored="0" hostname="Brain-ПК" failures="1" tests="5" name="Search Test" time="43.17" errors="0" timestamp="27 серп. 2019 11:52:51 GMT">
  <testcase classname="test.TestSearch" name="TestElementsInSearch" time="1.293"/>
  <testcase classname="test.TestSearch" name="TestEmptyPage" time="0.66"/>
  <testcase classname="test.TestSearch" name="TestSearchResultSortAZ" time="0.941"/>
  <testcase classname="test.TestSearch" name="TestSearchResultSortAZNotWork" time="0.999">
    <failure type="java.lang.AssertionError" message="Lists differ at element [0]: Customizable Mug != Pack Mug + Framed Poster expected [Customizable Mug] but found [Pack Mug + Framed Poster]">
      <![CDATA[java.lang.AssertionError: Lists differ at element [0]: Customizable Mug != Pack Mug + Framed Poster expected [Customizable Mug] but found [Pack Mug + Framed Poster]
at test.TestSearch.TestSearchResultSortAZNotWork(TestSearch.java:144)
... Removed 34 stack frames]]>
    </failure>
  </testcase> <!-- TestSearchResultSortAZNotWork -->
  <testcase classname="test.TestSearch" name="TetsAfterSearch" time="0.904"/>
</testsuite> <!-- Search Test -->
