<?xml version="1.0" encoding="UTF-8"?>
<testsuite xmlns:xsi="http://www.w3.org/2001/XMLSchema-instance" xsi:noNamespaceSchemaLocation="https://maven.apache.org/surefire/maven-surefire-plugin/xsd/surefire-test-report.xsd" name="TestSuite" time="111.576" tests="20" errors="0" skipped="0" failures="4">
  <properties>
[...]
</properties>
  <testcase name="checkCurrency" classname="test.AllureTestCurrency" time="2.256"/>
  <testcase name="checkCurrency" classname="test.AllureTestCurrency" time="2.396"/>
  <testcase name="checkCurrency" classname="test.AllureTestCurrency" time="7.041"/>
  <testcase name="checkCurrencyForOneElement" classname="test.AllureTestCurrency" time="6.305"/>
  <testcase name="checkExchangeCurrencyUsdToUa" classname="test.AllureTestCurrency" time="5.986">
    <failure message="expected [495.21] but found [544.92]" type="java.lang.AssertionError">java.lang.AssertionError: expected [495.21] but found [544.92]
	at test.AllureTestCurrency.checkExchangeCurrencyUsdToUa(AllureTestCurrency.java:85)
</failure>
  </testcase>
  <testcase name="checkExchangeCurrencyUsdToEu" classname="test.AllureTestCurrency" time="6.458">
    <failure message="expected [15.3] but found [0.0]" type="java.lang.AssertionError">java.lang.AssertionError: expected [15.3] but found [0.0]
	at test.AllureTestCurrency.checkExchangeCurrencyUsdToEu(AllureTestCurrency.java:114)
</failure>
    <system-out><![CDATA[Connection failed...
com.mysql.cj.jdbc.exceptions.CommunicationsException: Communications link failure

The last packet sent successfully to the server was 0 milliseconds ago. The driver has not received any packets from the server.
]]></system-out>
  </testcase>
  <testcase name="TestElementsInSearch" classname="test.TestSearch" time="0.907"/>
  <testcase name="TestEmptyPage" classname="test.TestSearch" time="0.509"/>
  <testcase name="TestSearchResultSortAZ" classname="test.TestSearch" time="0.833"/>
  <testcase name="TestSearchResultSortAZNotWork" classname="test.TestSearch" time="1.291">
    <failure message="Lists differ at element [0]: Customizable Mug != Pack Mug + Framed Poster expected [Customizable Mug] but found [Pack Mug + Framed Poster]" type="java.lang.AssertionError">java.lang.AssertionError: Lists differ at element [0]: Customizable Mug != Pack Mug + Framed Poster expected [Customizable Mug] but found [Pack Mug + Framed Poster]
	at test.TestSearch.TestSearchResultSortAZNotWork(TestSearch.java:144)
</failure>
    <system-out><![CDATA[Customizable Mug
Mug The Best Is Yet To Come
Mug The Adventure Begins
Mug Today Is A Good Day
Pack Mug + Framed Poster
]]></system-out>
  </testcase>
  <testcase name="TetsAfterSearch" classname="test.TestSearch" time="0.716"/>
  <testcase name="checkClothes" classname="test.HorizontalAndVerticalTest" time="1.061"/>
  <testcase name="checkMenClothes" classname="test.HorizontalAndVerticalTest" time="1.692"/>
  <testcase name="checkAccessories" classname="test.HorizontalAndVerticalTest" time="0.945"/>
  <testcase name="checkStationeryAccessories" classname="test.HorizontalAndVerticalTest" time="0.672"/>
  <testcase name="checkArt" classname="test.HorizontalAndVerticalTest" time="0.65"/>
  <testcase name="addProductToCart" classname="test.TestCartFunctional" time="3.349"/>
  <testcase name="deleteProductFromShoppingCart" classname="test.TestCartFunctional" time="4.894"/>
  <testcase name="priceProductFromShoppingCart" classname="test.TestCartFunctional" time="11.122"/>
  <testcase name="wrongAddProductToCart" classname="test.TestCartFunctional" time="2.87">
    <failure message="expected [true] but found [false]" type="java.lang.AssertionError">java.lang.AssertionError: expected [true] but found [false]
	at test.TestCartFunctional.wrongAddProductToCart(TestCartFunctional.java:84)
</failure>
  </testcase>
</testsuite>